2023-02-05 22:56:52,257 - mmcls - INFO - Environment info:
------------------------------------------------------------
sys.platform: linux
Python: 3.8.16 (default, Jan 17 2023, 23:13:24) [GCC 11.2.0]
CUDA available: True
GPU 0: NVIDIA GeForce RTX 3090
CUDA_HOME: /data/apps/cuda/11.1
NVCC: Cuda compilation tools, release 11.1, V11.1.74
GCC: gcc (GCC) 7.3.0
PyTorch: 1.10.0+cu111
PyTorch compiling details: PyTorch built with:
  - GCC 7.3
  - C++ Version: 201402
  - Intel(R) Math Kernel Library Version 2020.0.0 Product Build 20191122 for Intel(R) 64 architecture applications
  - Intel(R) MKL-DNN v2.2.3 (Git Hash 7336ca9f055cf1bfa13efb658fe15dc9b41f0740)
  - OpenMP 201511 (a.k.a. OpenMP 4.5)
  - LAPACK is enabled (usually provided by MKL)
  - NNPACK is enabled
  - CPU capability usage: AVX2
  - CUDA Runtime 11.1
  - NVCC architecture flags: -gencode;arch=compute_37,code=sm_37;-gencode;arch=compute_50,code=sm_50;-gencode;arch=compute_60,code=sm_60;-gencode;arch=compute_70,code=sm_70;-gencode;arch=compute_75,code=sm_75;-gencode;arch=compute_80,code=sm_80;-gencode;arch=compute_86,code=sm_86
  - CuDNN 8.0.5
  - Magma 2.5.2
  - Build settings: BLAS_INFO=mkl, BUILD_TYPE=Release, CUDA_VERSION=11.1, CUDNN_VERSION=8.0.5, CXX_COMPILER=/opt/rh/devtoolset-7/root/usr/bin/c++, CXX_FLAGS= -Wno-deprecated -fvisibility-inlines-hidden -DUSE_PTHREADPOOL -fopenmp -DNDEBUG -DUSE_KINETO -DUSE_FBGEMM -DUSE_QNNPACK -DUSE_PYTORCH_QNNPACK -DUSE_XNNPACK -DSYMBOLICATE_MOBILE_DEBUG_HANDLE -DEDGE_PROFILER_USE_KINETO -O2 -fPIC -Wno-narrowing -Wall -Wextra -Werror=return-type -Wno-missing-field-initializers -Wno-type-limits -Wno-array-bounds -Wno-unknown-pragmas -Wno-sign-compare -Wno-unused-parameter -Wno-unused-variable -Wno-unused-function -Wno-unused-result -Wno-unused-local-typedefs -Wno-strict-overflow -Wno-strict-aliasing -Wno-error=deprecated-declarations -Wno-stringop-overflow -Wno-psabi -Wno-error=pedantic -Wno-error=redundant-decls -Wno-error=old-style-cast -fdiagnostics-color=always -faligned-new -Wno-unused-but-set-variable -Wno-maybe-uninitialized -fno-math-errno -fno-trapping-math -Werror=format -Wno-stringop-overflow, LAPACK_INFO=mkl, PERF_WITH_AVX=1, PERF_WITH_AVX2=1, PERF_WITH_AVX512=1, TORCH_VERSION=1.10.0, USE_CUDA=ON, USE_CUDNN=ON, USE_EXCEPTION_PTR=1, USE_GFLAGS=OFF, USE_GLOG=OFF, USE_MKL=ON, USE_MKLDNN=ON, USE_MPI=OFF, USE_NCCL=ON, USE_NNPACK=ON, USE_OPENMP=ON, 

TorchVision: 0.11.0+cu111
OpenCV: 4.7.0
MMCV: 1.7.0
MMCV Compiler: GCC 7.3
MMCV CUDA Compiler: 11.1
MMClassification: 0.25.0+
------------------------------------------------------------

2023-02-05 22:56:52,258 - mmcls - INFO - Distributed training: False
2023-02-05 22:56:52,355 - mmcls - INFO - Config:
model = dict(
    type='ImageClassifier',
    backbone=dict(
        type='ResNet',
        depth=18,
        num_stages=4,
        out_indices=(3, ),
        style='pytorch'),
    neck=dict(type='GlobalAveragePooling'),
    head=dict(
        type='LinearClsHead',
        num_classes=5,
        in_channels=512,
        loss=dict(type='CrossEntropyLoss', loss_weight=1.0),
        topk=(1, )))
dataset_type = 'ImageNet'
img_norm_cfg = dict(
    mean=[123.675, 116.28, 103.53], std=[58.395, 57.12, 57.375], to_rgb=True)
train_pipeline = [
    dict(type='LoadImageFromFile'),
    dict(type='RandomResizedCrop', size=224),
    dict(type='RandomFlip', flip_prob=0.5, direction='horizontal'),
    dict(
        type='Normalize',
        mean=[123.675, 116.28, 103.53],
        std=[58.395, 57.12, 57.375],
        to_rgb=True),
    dict(type='ImageToTensor', keys=['img']),
    dict(type='ToTensor', keys=['gt_label']),
    dict(type='Collect', keys=['img', 'gt_label'])
]
test_pipeline = [
    dict(type='LoadImageFromFile'),
    dict(type='Resize', size=(256, -1)),
    dict(type='CenterCrop', crop_size=224),
    dict(
        type='Normalize',
        mean=[123.675, 116.28, 103.53],
        std=[58.395, 57.12, 57.375],
        to_rgb=True),
    dict(type='ImageToTensor', keys=['img']),
    dict(type='Collect', keys=['img'])
]
data = dict(
    samples_per_gpu=32,
    workers_per_gpu=2,
    train=dict(
        type='ImageNet',
        data_prefix='data/flower_dataset/train',
        pipeline=[
            dict(type='LoadImageFromFile'),
            dict(type='RandomResizedCrop', size=224),
            dict(type='RandomFlip', flip_prob=0.5, direction='horizontal'),
            dict(
                type='Normalize',
                mean=[123.675, 116.28, 103.53],
                std=[58.395, 57.12, 57.375],
                to_rgb=True),
            dict(type='ImageToTensor', keys=['img']),
            dict(type='ToTensor', keys=['gt_label']),
            dict(type='Collect', keys=['img', 'gt_label'])
        ],
        ann_file='data/flower_dataset/train.txt',
        classes='data/flower_dataset/classes.txt'),
    val=dict(
        type='ImageNet',
        data_prefix='data/flower_dataset/val',
        ann_file='data/flower_dataset/val.txt',
        pipeline=[
            dict(type='LoadImageFromFile'),
            dict(type='Resize', size=(256, -1)),
            dict(type='CenterCrop', crop_size=224),
            dict(
                type='Normalize',
                mean=[123.675, 116.28, 103.53],
                std=[58.395, 57.12, 57.375],
                to_rgb=True),
            dict(type='ImageToTensor', keys=['img']),
            dict(type='Collect', keys=['img'])
        ],
        classes='data/flower_dataset/classes.txt'),
    test=dict(
        type='ImageNet',
        data_prefix='data/imagenet/val',
        ann_file='data/imagenet/meta/val.txt',
        pipeline=[
            dict(type='LoadImageFromFile'),
            dict(type='Resize', size=(256, -1)),
            dict(type='CenterCrop', crop_size=224),
            dict(
                type='Normalize',
                mean=[123.675, 116.28, 103.53],
                std=[58.395, 57.12, 57.375],
                to_rgb=True),
            dict(type='ImageToTensor', keys=['img']),
            dict(type='Collect', keys=['img'])
        ]))
evaluation = dict(
    interval=1, metric='accuracy', metric_options=dict(topk=(1, )))
checkpoint_config = dict(interval=1)
log_config = dict(interval=100, hooks=[dict(type='TextLoggerHook')])
dist_params = dict(backend='nccl')
log_level = 'INFO'
load_from = '/data/run01/scz0aqp/mmclassification/checkpoints/resnet18_batch256_imagenet_20200708-34ab8f90.pth'
resume_from = None
workflow = [('train', 1)]
optimizer = dict(type='SGD', lr=0.001, momentum=0.9, weight_decay=0.0001)
optimizer_config = dict(grad_clip=None)
lr_config = dict(policy='step', step=[1])
runner = dict(type='EpochBasedRunner', max_epochs=100)
work_dir = 'work/resnet18_b16_flower'
gpu_ids = [0]

2023-02-05 22:56:52,419 - mmcls - INFO - Set random seed to 620437278, deterministic: False
2023-02-05 22:56:52,791 - mmcls - INFO - initialize ResNet with init_cfg [{'type': 'Kaiming', 'layer': ['Conv2d']}, {'type': 'Constant', 'val': 1, 'layer': ['_BatchNorm', 'GroupNorm']}]
2023-02-05 22:56:52,978 - mmcls - INFO - initialize LinearClsHead with init_cfg {'type': 'Normal', 'layer': 'Linear', 'std': 0.01}
Name of parameter - Initialization information

backbone.conv1.weight - torch.Size([64, 3, 7, 7]): 
KaimingInit: a=0, mode=fan_out, nonlinearity=relu, distribution =normal, bias=0 

backbone.bn1.weight - torch.Size([64]): 
The value is the same before and after calling `init_weights` of ImageClassifier  

backbone.bn1.bias - torch.Size([64]): 
The value is the same before and after calling `init_weights` of ImageClassifier  

backbone.layer1.0.conv1.weight - torch.Size([64, 64, 3, 3]): 
KaimingInit: a=0, mode=fan_out, nonlinearity=relu, distribution =normal, bias=0 

backbone.layer1.0.bn1.weight - torch.Size([64]): 
The value is the same before and after calling `init_weights` of ImageClassifier  

backbone.layer1.0.bn1.bias - torch.Size([64]): 
The value is the same before and after calling `init_weights` of ImageClassifier  

backbone.layer1.0.conv2.weight - torch.Size([64, 64, 3, 3]): 
KaimingInit: a=0, mode=fan_out, nonlinearity=relu, distribution =normal, bias=0 

backbone.layer1.0.bn2.weight - torch.Size([64]): 
Initialized by user-defined `init_weights` in ResNet  

backbone.layer1.0.bn2.bias - torch.Size([64]): 
The value is the same before and after calling `init_weights` of ImageClassifier  

backbone.layer1.1.conv1.weight - torch.Size([64, 64, 3, 3]): 
KaimingInit: a=0, mode=fan_out, nonlinearity=relu, distribution =normal, bias=0 

backbone.layer1.1.bn1.weight - torch.Size([64]): 
The value is the same before and after calling `init_weights` of ImageClassifier  

backbone.layer1.1.bn1.bias - torch.Size([64]): 
The value is the same before and after calling `init_weights` of ImageClassifier  

backbone.layer1.1.conv2.weight - torch.Size([64, 64, 3, 3]): 
KaimingInit: a=0, mode=fan_out, nonlinearity=relu, distribution =normal, bias=0 

backbone.layer1.1.bn2.weight - torch.Size([64]): 
Initialized by user-defined `init_weights` in ResNet  

backbone.layer1.1.bn2.bias - torch.Size([64]): 
The value is the same before and after calling `init_weights` of ImageClassifier  

backbone.layer2.0.conv1.weight - torch.Size([128, 64, 3, 3]): 
KaimingInit: a=0, mode=fan_out, nonlinearity=relu, distribution =normal, bias=0 

backbone.layer2.0.bn1.weight - torch.Size([128]): 
The value is the same before and after calling `init_weights` of ImageClassifier  

backbone.layer2.0.bn1.bias - torch.Size([128]): 
The value is the same before and after calling `init_weights` of ImageClassifier  

backbone.layer2.0.conv2.weight - torch.Size([128, 128, 3, 3]): 
KaimingInit: a=0, mode=fan_out, nonlinearity=relu, distribution =normal, bias=0 

backbone.layer2.0.bn2.weight - torch.Size([128]): 
Initialized by user-defined `init_weights` in ResNet  

backbone.layer2.0.bn2.bias - torch.Size([128]): 
The value is the same before and after calling `init_weights` of ImageClassifier  

backbone.layer2.0.downsample.0.weight - torch.Size([128, 64, 1, 1]): 
KaimingInit: a=0, mode=fan_out, nonlinearity=relu, distribution =normal, bias=0 

backbone.layer2.0.downsample.1.weight - torch.Size([128]): 
The value is the same before and after calling `init_weights` of ImageClassifier  

backbone.layer2.0.downsample.1.bias - torch.Size([128]): 
The value is the same before and after calling `init_weights` of ImageClassifier  

backbone.layer2.1.conv1.weight - torch.Size([128, 128, 3, 3]): 
KaimingInit: a=0, mode=fan_out, nonlinearity=relu, distribution =normal, bias=0 

backbone.layer2.1.bn1.weight - torch.Size([128]): 
The value is the same before and after calling `init_weights` of ImageClassifier  

backbone.layer2.1.bn1.bias - torch.Size([128]): 
The value is the same before and after calling `init_weights` of ImageClassifier  

backbone.layer2.1.conv2.weight - torch.Size([128, 128, 3, 3]): 
KaimingInit: a=0, mode=fan_out, nonlinearity=relu, distribution =normal, bias=0 

backbone.layer2.1.bn2.weight - torch.Size([128]): 
Initialized by user-defined `init_weights` in ResNet  

backbone.layer2.1.bn2.bias - torch.Size([128]): 
The value is the same before and after calling `init_weights` of ImageClassifier  

backbone.layer3.0.conv1.weight - torch.Size([256, 128, 3, 3]): 
KaimingInit: a=0, mode=fan_out, nonlinearity=relu, distribution =normal, bias=0 

backbone.layer3.0.bn1.weight - torch.Size([256]): 
The value is the same before and after calling `init_weights` of ImageClassifier  

backbone.layer3.0.bn1.bias - torch.Size([256]): 
The value is the same before and after calling `init_weights` of ImageClassifier  

backbone.layer3.0.conv2.weight - torch.Size([256, 256, 3, 3]): 
KaimingInit: a=0, mode=fan_out, nonlinearity=relu, distribution =normal, bias=0 

backbone.layer3.0.bn2.weight - torch.Size([256]): 
Initialized by user-defined `init_weights` in ResNet  

backbone.layer3.0.bn2.bias - torch.Size([256]): 
The value is the same before and after calling `init_weights` of ImageClassifier  

backbone.layer3.0.downsample.0.weight - torch.Size([256, 128, 1, 1]): 
KaimingInit: a=0, mode=fan_out, nonlinearity=relu, distribution =normal, bias=0 

backbone.layer3.0.downsample.1.weight - torch.Size([256]): 
The value is the same before and after calling `init_weights` of ImageClassifier  

backbone.layer3.0.downsample.1.bias - torch.Size([256]): 
The value is the same before and after calling `init_weights` of ImageClassifier  

backbone.layer3.1.conv1.weight - torch.Size([256, 256, 3, 3]): 
KaimingInit: a=0, mode=fan_out, nonlinearity=relu, distribution =normal, bias=0 

backbone.layer3.1.bn1.weight - torch.Size([256]): 
The value is the same before and after calling `init_weights` of ImageClassifier  

backbone.layer3.1.bn1.bias - torch.Size([256]): 
The value is the same before and after calling `init_weights` of ImageClassifier  

backbone.layer3.1.conv2.weight - torch.Size([256, 256, 3, 3]): 
KaimingInit: a=0, mode=fan_out, nonlinearity=relu, distribution =normal, bias=0 

backbone.layer3.1.bn2.weight - torch.Size([256]): 
Initialized by user-defined `init_weights` in ResNet  

backbone.layer3.1.bn2.bias - torch.Size([256]): 
The value is the same before and after calling `init_weights` of ImageClassifier  

backbone.layer4.0.conv1.weight - torch.Size([512, 256, 3, 3]): 
KaimingInit: a=0, mode=fan_out, nonlinearity=relu, distribution =normal, bias=0 

backbone.layer4.0.bn1.weight - torch.Size([512]): 
The value is the same before and after calling `init_weights` of ImageClassifier  

backbone.layer4.0.bn1.bias - torch.Size([512]): 
The value is the same before and after calling `init_weights` of ImageClassifier  

backbone.layer4.0.conv2.weight - torch.Size([512, 512, 3, 3]): 
KaimingInit: a=0, mode=fan_out, nonlinearity=relu, distribution =normal, bias=0 

backbone.layer4.0.bn2.weight - torch.Size([512]): 
Initialized by user-defined `init_weights` in ResNet  

backbone.layer4.0.bn2.bias - torch.Size([512]): 
The value is the same before and after calling `init_weights` of ImageClassifier  

backbone.layer4.0.downsample.0.weight - torch.Size([512, 256, 1, 1]): 
KaimingInit: a=0, mode=fan_out, nonlinearity=relu, distribution =normal, bias=0 

backbone.layer4.0.downsample.1.weight - torch.Size([512]): 
The value is the same before and after calling `init_weights` of ImageClassifier  

backbone.layer4.0.downsample.1.bias - torch.Size([512]): 
The value is the same before and after calling `init_weights` of ImageClassifier  

backbone.layer4.1.conv1.weight - torch.Size([512, 512, 3, 3]): 
KaimingInit: a=0, mode=fan_out, nonlinearity=relu, distribution =normal, bias=0 

backbone.layer4.1.bn1.weight - torch.Size([512]): 
The value is the same before and after calling `init_weights` of ImageClassifier  

backbone.layer4.1.bn1.bias - torch.Size([512]): 
The value is the same before and after calling `init_weights` of ImageClassifier  

backbone.layer4.1.conv2.weight - torch.Size([512, 512, 3, 3]): 
KaimingInit: a=0, mode=fan_out, nonlinearity=relu, distribution =normal, bias=0 

backbone.layer4.1.bn2.weight - torch.Size([512]): 
Initialized by user-defined `init_weights` in ResNet  

backbone.layer4.1.bn2.bias - torch.Size([512]): 
The value is the same before and after calling `init_weights` of ImageClassifier  

head.fc.weight - torch.Size([5, 512]): 
NormalInit: mean=0, std=0.01, bias=0 

head.fc.bias - torch.Size([5]): 
NormalInit: mean=0, std=0.01, bias=0 
2023-02-05 22:57:04,200 - mmcls - INFO - load checkpoint from local path: /data/run01/scz0aqp/mmclassification/checkpoints/resnet18_batch256_imagenet_20200708-34ab8f90.pth
2023-02-05 22:57:04,339 - mmcls - WARNING - The model and loaded state dict do not match exactly

size mismatch for head.fc.weight: copying a param with shape torch.Size([1000, 512]) from checkpoint, the shape in current model is torch.Size([5, 512]).
size mismatch for head.fc.bias: copying a param with shape torch.Size([1000]) from checkpoint, the shape in current model is torch.Size([5]).
2023-02-05 22:57:04,339 - mmcls - INFO - Start running, host: scz0aqp@g0015, work_dir: /data/run01/scz0aqp/mmclassification/work/resnet18_b16_flower
2023-02-05 22:57:04,339 - mmcls - INFO - Hooks will be executed in the following order:
before_run:
(VERY_HIGH   ) StepLrUpdaterHook                  
(NORMAL      ) CheckpointHook                     
(LOW         ) EvalHook                           
(VERY_LOW    ) TextLoggerHook                     
 -------------------- 
before_train_epoch:
(VERY_HIGH   ) StepLrUpdaterHook                  
(LOW         ) IterTimerHook                      
(LOW         ) EvalHook                           
(VERY_LOW    ) TextLoggerHook                     
 -------------------- 
before_train_iter:
(VERY_HIGH   ) StepLrUpdaterHook                  
(LOW         ) IterTimerHook                      
(LOW         ) EvalHook                           
 -------------------- 
after_train_iter:
(ABOVE_NORMAL) OptimizerHook                      
(NORMAL      ) CheckpointHook                     
(LOW         ) IterTimerHook                      
(LOW         ) EvalHook                           
(VERY_LOW    ) TextLoggerHook                     
 -------------------- 
after_train_epoch:
(NORMAL      ) CheckpointHook                     
(LOW         ) EvalHook                           
(VERY_LOW    ) TextLoggerHook                     
 -------------------- 
before_val_epoch:
(LOW         ) IterTimerHook                      
(VERY_LOW    ) TextLoggerHook                     
 -------------------- 
before_val_iter:
(LOW         ) IterTimerHook                      
 -------------------- 
after_val_iter:
(LOW         ) IterTimerHook                      
 -------------------- 
after_val_epoch:
(VERY_LOW    ) TextLoggerHook                     
 -------------------- 
after_run:
(VERY_LOW    ) TextLoggerHook                     
 -------------------- 
2023-02-05 22:57:04,340 - mmcls - INFO - workflow: [('train', 1)], max: 100 epochs
2023-02-05 22:57:04,340 - mmcls - INFO - Checkpoints will be saved to /data/run01/scz0aqp/mmclassification/work/resnet18_b16_flower by HardDiskBackend.
2023-02-05 22:57:34,413 - mmcls - INFO - Saving checkpoint at 1 epochs
2023-02-05 22:57:39,333 - mmcls - INFO - Epoch(val) [1][18]	accuracy_top-1: 90.9091
2023-02-05 22:57:44,698 - mmcls - INFO - Saving checkpoint at 2 epochs
2023-02-05 22:57:45,671 - mmcls - INFO - Epoch(val) [2][18]	accuracy_top-1: 92.4825
2023-02-05 22:57:51,115 - mmcls - INFO - Saving checkpoint at 3 epochs
2023-02-05 22:57:52,070 - mmcls - INFO - Epoch(val) [3][18]	accuracy_top-1: 92.6573
2023-02-05 22:57:57,473 - mmcls - INFO - Saving checkpoint at 4 epochs
2023-02-05 22:57:58,430 - mmcls - INFO - Epoch(val) [4][18]	accuracy_top-1: 91.4336
2023-02-05 22:58:03,817 - mmcls - INFO - Saving checkpoint at 5 epochs
2023-02-05 22:58:04,768 - mmcls - INFO - Epoch(val) [5][18]	accuracy_top-1: 93.1818
2023-02-05 22:58:10,201 - mmcls - INFO - Saving checkpoint at 6 epochs
2023-02-05 22:58:11,167 - mmcls - INFO - Epoch(val) [6][18]	accuracy_top-1: 91.0839
2023-02-05 22:58:16,579 - mmcls - INFO - Saving checkpoint at 7 epochs
2023-02-05 22:58:17,544 - mmcls - INFO - Epoch(val) [7][18]	accuracy_top-1: 93.3566
2023-02-05 22:58:22,928 - mmcls - INFO - Saving checkpoint at 8 epochs
2023-02-05 22:58:23,896 - mmcls - INFO - Epoch(val) [8][18]	accuracy_top-1: 92.8322
2023-02-05 22:58:29,315 - mmcls - INFO - Saving checkpoint at 9 epochs
2023-02-05 22:58:30,272 - mmcls - INFO - Epoch(val) [9][18]	accuracy_top-1: 93.0070
2023-02-05 22:58:35,654 - mmcls - INFO - Saving checkpoint at 10 epochs
2023-02-05 22:58:36,653 - mmcls - INFO - Epoch(val) [10][18]	accuracy_top-1: 93.0070
2023-02-05 22:58:42,045 - mmcls - INFO - Saving checkpoint at 11 epochs
2023-02-05 22:58:43,008 - mmcls - INFO - Epoch(val) [11][18]	accuracy_top-1: 93.7063
2023-02-05 22:58:48,409 - mmcls - INFO - Saving checkpoint at 12 epochs
2023-02-05 22:58:49,372 - mmcls - INFO - Epoch(val) [12][18]	accuracy_top-1: 93.5315
2023-02-05 22:58:54,793 - mmcls - INFO - Saving checkpoint at 13 epochs
2023-02-05 22:58:55,857 - mmcls - INFO - Epoch(val) [13][18]	accuracy_top-1: 93.3566
2023-02-05 22:59:01,230 - mmcls - INFO - Saving checkpoint at 14 epochs
2023-02-05 22:59:02,193 - mmcls - INFO - Epoch(val) [14][18]	accuracy_top-1: 94.0559
2023-02-05 22:59:07,584 - mmcls - INFO - Saving checkpoint at 15 epochs
2023-02-05 22:59:08,562 - mmcls - INFO - Epoch(val) [15][18]	accuracy_top-1: 93.3566
2023-02-05 22:59:13,931 - mmcls - INFO - Saving checkpoint at 16 epochs
2023-02-05 22:59:14,890 - mmcls - INFO - Epoch(val) [16][18]	accuracy_top-1: 93.1818
2023-02-05 22:59:20,286 - mmcls - INFO - Saving checkpoint at 17 epochs
2023-02-05 22:59:21,240 - mmcls - INFO - Epoch(val) [17][18]	accuracy_top-1: 94.2308
2023-02-05 22:59:26,651 - mmcls - INFO - Saving checkpoint at 18 epochs
2023-02-05 22:59:27,599 - mmcls - INFO - Epoch(val) [18][18]	accuracy_top-1: 94.4056
2023-02-05 22:59:33,008 - mmcls - INFO - Saving checkpoint at 19 epochs
2023-02-05 22:59:34,056 - mmcls - INFO - Epoch(val) [19][18]	accuracy_top-1: 94.0559
2023-02-05 22:59:39,493 - mmcls - INFO - Saving checkpoint at 20 epochs
2023-02-05 22:59:40,446 - mmcls - INFO - Epoch(val) [20][18]	accuracy_top-1: 94.0559
2023-02-05 22:59:45,883 - mmcls - INFO - Saving checkpoint at 21 epochs
2023-02-05 22:59:46,878 - mmcls - INFO - Epoch(val) [21][18]	accuracy_top-1: 93.8811
2023-02-05 22:59:52,295 - mmcls - INFO - Saving checkpoint at 22 epochs
2023-02-05 22:59:53,242 - mmcls - INFO - Epoch(val) [22][18]	accuracy_top-1: 93.8811
2023-02-05 22:59:58,735 - mmcls - INFO - Saving checkpoint at 23 epochs
2023-02-05 22:59:59,724 - mmcls - INFO - Epoch(val) [23][18]	accuracy_top-1: 94.4056
2023-02-05 23:00:05,177 - mmcls - INFO - Saving checkpoint at 24 epochs
2023-02-05 23:00:06,141 - mmcls - INFO - Epoch(val) [24][18]	accuracy_top-1: 94.0559
2023-02-05 23:00:11,537 - mmcls - INFO - Saving checkpoint at 25 epochs
2023-02-05 23:00:12,486 - mmcls - INFO - Epoch(val) [25][18]	accuracy_top-1: 93.8811
2023-02-05 23:00:17,882 - mmcls - INFO - Saving checkpoint at 26 epochs
2023-02-05 23:00:18,845 - mmcls - INFO - Epoch(val) [26][18]	accuracy_top-1: 94.0559
2023-02-05 23:00:24,276 - mmcls - INFO - Saving checkpoint at 27 epochs
2023-02-05 23:00:25,232 - mmcls - INFO - Epoch(val) [27][18]	accuracy_top-1: 94.0559
2023-02-05 23:00:30,667 - mmcls - INFO - Saving checkpoint at 28 epochs
2023-02-05 23:00:31,625 - mmcls - INFO - Epoch(val) [28][18]	accuracy_top-1: 94.4056
2023-02-05 23:00:37,152 - mmcls - INFO - Saving checkpoint at 29 epochs
2023-02-05 23:00:38,129 - mmcls - INFO - Epoch(val) [29][18]	accuracy_top-1: 94.5804
2023-02-05 23:00:43,708 - mmcls - INFO - Saving checkpoint at 30 epochs
2023-02-05 23:00:44,678 - mmcls - INFO - Epoch(val) [30][18]	accuracy_top-1: 94.2308
2023-02-05 23:00:50,269 - mmcls - INFO - Saving checkpoint at 31 epochs
2023-02-05 23:00:51,271 - mmcls - INFO - Epoch(val) [31][18]	accuracy_top-1: 94.7552
2023-02-05 23:00:56,723 - mmcls - INFO - Saving checkpoint at 32 epochs
2023-02-05 23:00:57,706 - mmcls - INFO - Epoch(val) [32][18]	accuracy_top-1: 94.0559
2023-02-05 23:01:03,350 - mmcls - INFO - Saving checkpoint at 33 epochs
2023-02-05 23:01:04,334 - mmcls - INFO - Epoch(val) [33][18]	accuracy_top-1: 94.9301
2023-02-05 23:01:09,862 - mmcls - INFO - Saving checkpoint at 34 epochs
2023-02-05 23:01:10,869 - mmcls - INFO - Epoch(val) [34][18]	accuracy_top-1: 94.7552
2023-02-05 23:01:16,306 - mmcls - INFO - Saving checkpoint at 35 epochs
2023-02-05 23:01:17,274 - mmcls - INFO - Epoch(val) [35][18]	accuracy_top-1: 94.0559
2023-02-05 23:01:22,721 - mmcls - INFO - Saving checkpoint at 36 epochs
2023-02-05 23:01:23,686 - mmcls - INFO - Epoch(val) [36][18]	accuracy_top-1: 94.4056
2023-02-05 23:01:29,186 - mmcls - INFO - Saving checkpoint at 37 epochs
2023-02-05 23:01:30,155 - mmcls - INFO - Epoch(val) [37][18]	accuracy_top-1: 94.5804
2023-02-05 23:01:35,627 - mmcls - INFO - Saving checkpoint at 38 epochs
2023-02-05 23:01:36,596 - mmcls - INFO - Epoch(val) [38][18]	accuracy_top-1: 94.0559
2023-02-05 23:01:42,059 - mmcls - INFO - Saving checkpoint at 39 epochs
2023-02-05 23:01:43,016 - mmcls - INFO - Epoch(val) [39][18]	accuracy_top-1: 94.9301
2023-02-05 23:01:48,426 - mmcls - INFO - Saving checkpoint at 40 epochs
2023-02-05 23:01:49,387 - mmcls - INFO - Epoch(val) [40][18]	accuracy_top-1: 95.1049
2023-02-05 23:01:54,778 - mmcls - INFO - Saving checkpoint at 41 epochs
2023-02-05 23:01:55,737 - mmcls - INFO - Epoch(val) [41][18]	accuracy_top-1: 95.2797
2023-02-05 23:02:01,225 - mmcls - INFO - Saving checkpoint at 42 epochs
2023-02-05 23:02:02,184 - mmcls - INFO - Epoch(val) [42][18]	accuracy_top-1: 95.1049
2023-02-05 23:02:07,616 - mmcls - INFO - Saving checkpoint at 43 epochs
2023-02-05 23:02:08,575 - mmcls - INFO - Epoch(val) [43][18]	accuracy_top-1: 94.5804
2023-02-05 23:02:13,986 - mmcls - INFO - Saving checkpoint at 44 epochs
2023-02-05 23:02:14,945 - mmcls - INFO - Epoch(val) [44][18]	accuracy_top-1: 95.4545
2023-02-05 23:02:20,356 - mmcls - INFO - Saving checkpoint at 45 epochs
2023-02-05 23:02:21,314 - mmcls - INFO - Epoch(val) [45][18]	accuracy_top-1: 94.2308
2023-02-05 23:02:26,785 - mmcls - INFO - Saving checkpoint at 46 epochs
2023-02-05 23:02:27,750 - mmcls - INFO - Epoch(val) [46][18]	accuracy_top-1: 94.9301
2023-02-05 23:02:33,225 - mmcls - INFO - Saving checkpoint at 47 epochs
2023-02-05 23:02:34,210 - mmcls - INFO - Epoch(val) [47][18]	accuracy_top-1: 95.2797
2023-02-05 23:02:39,636 - mmcls - INFO - Saving checkpoint at 48 epochs
2023-02-05 23:02:40,591 - mmcls - INFO - Epoch(val) [48][18]	accuracy_top-1: 95.1049
2023-02-05 23:02:45,967 - mmcls - INFO - Saving checkpoint at 49 epochs
2023-02-05 23:02:46,926 - mmcls - INFO - Epoch(val) [49][18]	accuracy_top-1: 94.7552
2023-02-05 23:02:52,327 - mmcls - INFO - Saving checkpoint at 50 epochs
2023-02-05 23:02:53,309 - mmcls - INFO - Epoch(val) [50][18]	accuracy_top-1: 95.2797
2023-02-05 23:02:58,805 - mmcls - INFO - Saving checkpoint at 51 epochs
2023-02-05 23:02:59,776 - mmcls - INFO - Epoch(val) [51][18]	accuracy_top-1: 95.4545
2023-02-05 23:03:05,258 - mmcls - INFO - Saving checkpoint at 52 epochs
2023-02-05 23:03:06,244 - mmcls - INFO - Epoch(val) [52][18]	accuracy_top-1: 95.6294
2023-02-05 23:03:11,641 - mmcls - INFO - Saving checkpoint at 53 epochs
2023-02-05 23:03:12,594 - mmcls - INFO - Epoch(val) [53][18]	accuracy_top-1: 94.7552
2023-02-05 23:03:18,062 - mmcls - INFO - Saving checkpoint at 54 epochs
2023-02-05 23:03:19,029 - mmcls - INFO - Epoch(val) [54][18]	accuracy_top-1: 95.2797
2023-02-05 23:03:24,490 - mmcls - INFO - Saving checkpoint at 55 epochs
2023-02-05 23:03:25,454 - mmcls - INFO - Epoch(val) [55][18]	accuracy_top-1: 94.9301
2023-02-05 23:03:30,847 - mmcls - INFO - Saving checkpoint at 56 epochs
2023-02-05 23:03:31,814 - mmcls - INFO - Epoch(val) [56][18]	accuracy_top-1: 94.7552
2023-02-05 23:03:37,193 - mmcls - INFO - Saving checkpoint at 57 epochs
2023-02-05 23:03:38,142 - mmcls - INFO - Epoch(val) [57][18]	accuracy_top-1: 95.2797
2023-02-05 23:03:43,595 - mmcls - INFO - Saving checkpoint at 58 epochs
2023-02-05 23:03:44,593 - mmcls - INFO - Epoch(val) [58][18]	accuracy_top-1: 94.9301
2023-02-05 23:03:50,028 - mmcls - INFO - Saving checkpoint at 59 epochs
2023-02-05 23:03:51,003 - mmcls - INFO - Epoch(val) [59][18]	accuracy_top-1: 95.6294
2023-02-05 23:03:56,414 - mmcls - INFO - Saving checkpoint at 60 epochs
2023-02-05 23:03:57,377 - mmcls - INFO - Epoch(val) [60][18]	accuracy_top-1: 95.4545
2023-02-05 23:04:02,806 - mmcls - INFO - Saving checkpoint at 61 epochs
2023-02-05 23:04:03,842 - mmcls - INFO - Epoch(val) [61][18]	accuracy_top-1: 95.4545
2023-02-05 23:04:09,290 - mmcls - INFO - Saving checkpoint at 62 epochs
2023-02-05 23:04:10,309 - mmcls - INFO - Epoch(val) [62][18]	accuracy_top-1: 95.2797
2023-02-05 23:04:15,889 - mmcls - INFO - Saving checkpoint at 63 epochs
2023-02-05 23:04:16,845 - mmcls - INFO - Epoch(val) [63][18]	accuracy_top-1: 94.7552
2023-02-05 23:04:22,554 - mmcls - INFO - Saving checkpoint at 64 epochs
2023-02-05 23:04:23,543 - mmcls - INFO - Epoch(val) [64][18]	accuracy_top-1: 95.4545
2023-02-05 23:04:28,983 - mmcls - INFO - Saving checkpoint at 65 epochs
2023-02-05 23:04:29,965 - mmcls - INFO - Epoch(val) [65][18]	accuracy_top-1: 95.2797
2023-02-05 23:04:35,652 - mmcls - INFO - Saving checkpoint at 66 epochs
2023-02-05 23:04:36,692 - mmcls - INFO - Epoch(val) [66][18]	accuracy_top-1: 95.1049
2023-02-05 23:04:42,146 - mmcls - INFO - Saving checkpoint at 67 epochs
2023-02-05 23:04:43,127 - mmcls - INFO - Epoch(val) [67][18]	accuracy_top-1: 95.2797
2023-02-05 23:04:48,597 - mmcls - INFO - Saving checkpoint at 68 epochs
2023-02-05 23:04:49,550 - mmcls - INFO - Epoch(val) [68][18]	accuracy_top-1: 94.9301
2023-02-05 23:04:55,015 - mmcls - INFO - Saving checkpoint at 69 epochs
2023-02-05 23:04:56,017 - mmcls - INFO - Epoch(val) [69][18]	accuracy_top-1: 95.6294
2023-02-05 23:05:01,432 - mmcls - INFO - Saving checkpoint at 70 epochs
2023-02-05 23:05:02,469 - mmcls - INFO - Epoch(val) [70][18]	accuracy_top-1: 95.2797
2023-02-05 23:05:07,878 - mmcls - INFO - Saving checkpoint at 71 epochs
2023-02-05 23:05:08,836 - mmcls - INFO - Epoch(val) [71][18]	accuracy_top-1: 94.9301
2023-02-05 23:05:14,308 - mmcls - INFO - Saving checkpoint at 72 epochs
2023-02-05 23:05:15,278 - mmcls - INFO - Epoch(val) [72][18]	accuracy_top-1: 94.2308
2023-02-05 23:05:20,721 - mmcls - INFO - Saving checkpoint at 73 epochs
2023-02-05 23:05:21,689 - mmcls - INFO - Epoch(val) [73][18]	accuracy_top-1: 95.1049
2023-02-05 23:05:27,132 - mmcls - INFO - Saving checkpoint at 74 epochs
2023-02-05 23:05:28,140 - mmcls - INFO - Epoch(val) [74][18]	accuracy_top-1: 94.9301
2023-02-05 23:05:33,559 - mmcls - INFO - Saving checkpoint at 75 epochs
2023-02-05 23:05:34,518 - mmcls - INFO - Epoch(val) [75][18]	accuracy_top-1: 95.2797
2023-02-05 23:05:39,975 - mmcls - INFO - Saving checkpoint at 76 epochs
2023-02-05 23:05:40,934 - mmcls - INFO - Epoch(val) [76][18]	accuracy_top-1: 95.2797
2023-02-05 23:05:46,397 - mmcls - INFO - Saving checkpoint at 77 epochs
2023-02-05 23:05:47,358 - mmcls - INFO - Epoch(val) [77][18]	accuracy_top-1: 95.4545
2023-02-05 23:05:52,786 - mmcls - INFO - Saving checkpoint at 78 epochs
2023-02-05 23:05:53,735 - mmcls - INFO - Epoch(val) [78][18]	accuracy_top-1: 95.6294
2023-02-05 23:05:59,129 - mmcls - INFO - Saving checkpoint at 79 epochs
2023-02-05 23:06:00,086 - mmcls - INFO - Epoch(val) [79][18]	accuracy_top-1: 95.2797
2023-02-05 23:06:05,513 - mmcls - INFO - Saving checkpoint at 80 epochs
2023-02-05 23:06:06,478 - mmcls - INFO - Epoch(val) [80][18]	accuracy_top-1: 95.6294
2023-02-05 23:06:11,934 - mmcls - INFO - Saving checkpoint at 81 epochs
2023-02-05 23:06:12,893 - mmcls - INFO - Epoch(val) [81][18]	accuracy_top-1: 95.1049
2023-02-05 23:06:18,381 - mmcls - INFO - Saving checkpoint at 82 epochs
2023-02-05 23:06:19,324 - mmcls - INFO - Epoch(val) [82][18]	accuracy_top-1: 95.4545
2023-02-05 23:06:24,766 - mmcls - INFO - Saving checkpoint at 83 epochs
2023-02-05 23:06:25,715 - mmcls - INFO - Epoch(val) [83][18]	accuracy_top-1: 95.4545
2023-02-05 23:06:31,151 - mmcls - INFO - Saving checkpoint at 84 epochs
2023-02-05 23:06:32,112 - mmcls - INFO - Epoch(val) [84][18]	accuracy_top-1: 95.4545
2023-02-05 23:06:37,699 - mmcls - INFO - Saving checkpoint at 85 epochs
2023-02-05 23:06:38,664 - mmcls - INFO - Epoch(val) [85][18]	accuracy_top-1: 95.6294
2023-02-05 23:06:44,189 - mmcls - INFO - Saving checkpoint at 86 epochs
2023-02-05 23:06:45,163 - mmcls - INFO - Epoch(val) [86][18]	accuracy_top-1: 95.2797
2023-02-05 23:06:50,690 - mmcls - INFO - Saving checkpoint at 87 epochs
2023-02-05 23:06:51,653 - mmcls - INFO - Epoch(val) [87][18]	accuracy_top-1: 95.8042
2023-02-05 23:06:57,144 - mmcls - INFO - Saving checkpoint at 88 epochs
2023-02-05 23:06:58,120 - mmcls - INFO - Epoch(val) [88][18]	accuracy_top-1: 95.9790
2023-02-05 23:07:03,675 - mmcls - INFO - Saving checkpoint at 89 epochs
2023-02-05 23:07:04,649 - mmcls - INFO - Epoch(val) [89][18]	accuracy_top-1: 95.6294
2023-02-05 23:07:10,136 - mmcls - INFO - Saving checkpoint at 90 epochs
2023-02-05 23:07:11,094 - mmcls - INFO - Epoch(val) [90][18]	accuracy_top-1: 95.8042
2023-02-05 23:07:16,568 - mmcls - INFO - Saving checkpoint at 91 epochs
2023-02-05 23:07:17,537 - mmcls - INFO - Epoch(val) [91][18]	accuracy_top-1: 95.9790
2023-02-05 23:07:22,971 - mmcls - INFO - Saving checkpoint at 92 epochs
2023-02-05 23:07:23,915 - mmcls - INFO - Epoch(val) [92][18]	accuracy_top-1: 95.2797
2023-02-05 23:07:29,399 - mmcls - INFO - Saving checkpoint at 93 epochs
2023-02-05 23:07:30,356 - mmcls - INFO - Epoch(val) [93][18]	accuracy_top-1: 95.4545
2023-02-05 23:07:35,784 - mmcls - INFO - Saving checkpoint at 94 epochs
2023-02-05 23:07:36,746 - mmcls - INFO - Epoch(val) [94][18]	accuracy_top-1: 95.9790
2023-02-05 23:07:42,167 - mmcls - INFO - Saving checkpoint at 95 epochs
2023-02-05 23:07:43,110 - mmcls - INFO - Epoch(val) [95][18]	accuracy_top-1: 95.4545
2023-02-05 23:07:48,535 - mmcls - INFO - Saving checkpoint at 96 epochs
2023-02-05 23:07:49,496 - mmcls - INFO - Epoch(val) [96][18]	accuracy_top-1: 95.9790
2023-02-05 23:07:54,944 - mmcls - INFO - Saving checkpoint at 97 epochs
2023-02-05 23:07:55,913 - mmcls - INFO - Epoch(val) [97][18]	accuracy_top-1: 95.4545
2023-02-05 23:08:01,358 - mmcls - INFO - Saving checkpoint at 98 epochs
2023-02-05 23:08:02,350 - mmcls - INFO - Epoch(val) [98][18]	accuracy_top-1: 95.9790
2023-02-05 23:08:07,790 - mmcls - INFO - Saving checkpoint at 99 epochs
2023-02-05 23:08:08,759 - mmcls - INFO - Epoch(val) [99][18]	accuracy_top-1: 95.8042
2023-02-05 23:08:14,173 - mmcls - INFO - Saving checkpoint at 100 epochs
2023-02-05 23:08:15,121 - mmcls - INFO - Epoch(val) [100][18]	accuracy_top-1: 95.6294
